<?xml version="1.0" encoding="UTF-8"?>
<testsuite name="com.kodilla.testing.weather.mock.WeatherForecastTestSuite" tests="4" skipped="0" failures="0" errors="0" timestamp="2022-05-04T19:17:41" hostname="DESKTOP-9PSKIUA" time="0.019">
  <properties/>
  <testcase name="testCalculateMedianEvenCase()" classname="com.kodilla.testing.weather.mock.WeatherForecastTestSuite" time="0.012"/>
  <testcase name="testCalculateMedianOddCase()" classname="com.kodilla.testing.weather.mock.WeatherForecastTestSuite" time="0.001"/>
  <testcase name="testCalculateMean()" classname="com.kodilla.testing.weather.mock.WeatherForecastTestSuite" time="0.003"/>
  <testcase name="testCalculateForecastWithMock()" classname="com.kodilla.testing.weather.mock.WeatherForecastTestSuite" time="0.001"/>
  <system-out><![CDATA[]]></system-out>
  <system-err><![CDATA[]]></system-err>
</testsuite>
