<?xml version="1.0" encoding="UTF-8"?>
<testsuite name="Shape Collector Test Suite" tests="0" skipped="0" failures="0" errors="0" timestamp="1970-01-01T00:00:00" hostname="DESKTOP-9PSKIUA" time="0.0">
  <properties/>
  <system-out><![CDATA[Starting of ShapeCollector test
Ending of ShapeCollector test
]]></system-out>
  <system-err><![CDATA[]]></system-err>
</testsuite>
